Watching for file changes with StatReloader
Performing system checks...

System check identified some issues:

WARNINGS:
todos.Todo: (models.W042) Auto-created primary key used when not defining a primary key type, by default 'django.db.models.AutoField'.
	HINT: Configure the DEFAULT_AUTO_FIELD setting or the TodosConfig.default_auto_field attribute to point to a subclass of AutoField, e.g. 'django.db.models.BigAutoField'.

System check identified 1 issue (0 silenced).
December 07, 2022 - 14:40:03
Django version 4.1.4, using settings 'todoApp.settings'
Starting development server at http://0.0.0.0:8000/
Quit the server with CONTROL-C.
[07/Dec/2022 14:40:12] "GET /todos/ HTTP/1.1" 200 3515
[07/Dec/2022 14:40:14] "GET /todos/ HTTP/1.1" 200 3515
Watching for file changes with StatReloader
Performing system checks...

System check identified some issues:

WARNINGS:
todos.Todo: (models.W042) Auto-created primary key used when not defining a primary key type, by default 'django.db.models.AutoField'.
	HINT: Configure the DEFAULT_AUTO_FIELD setting or the TodosConfig.default_auto_field attribute to point to a subclass of AutoField, e.g. 'django.db.models.BigAutoField'.

System check identified 1 issue (0 silenced).
December 07, 2022 - 14:41:47
Django version 4.1.4, using settings 'todoApp.settings'
Starting development server at http://0.0.0.0:8001/
Quit the server with CONTROL-C.
[07/Dec/2022 14:41:52] "GET /todos/ HTTP/1.1" 200 3515
[07/Dec/2022 14:41:56] "GET /todos/ HTTP/1.1" 200 3515
[07/Dec/2022 14:42:00] "GET / HTTP/1.1" 302 0
[07/Dec/2022 14:42:00] "GET /todos/ HTTP/1.1" 200 3515
[07/Dec/2022 14:42:11] "GET /todos/ HTTP/1.1" 200 3515
[07/Dec/2022 14:42:11] "GET /static/css/style.css HTTP/1.1" 200 225
Not Found: /favicon.ico
[07/Dec/2022 14:42:11] "GET /favicon.ico HTTP/1.1" 404 2575
[07/Dec/2022 14:42:22] "GET / HTTP/1.1" 302 0
[07/Dec/2022 14:42:22] "GET /todos/ HTTP/1.1" 200 3515
[07/Dec/2022 14:42:34] "GET / HTTP/1.1" 302 0
[07/Dec/2022 14:42:34] "GET /todos HTTP/1.1" 301 0
[07/Dec/2022 14:42:34] "GET /todos/ HTTP/1.1" 200 3515
[07/Dec/2022 15:02:08] "GET / HTTP/1.1" 302 0
[07/Dec/2022 15:02:08] "GET /todos/ HTTP/1.1" 200 3515
[07/Dec/2022 15:02:08] "GET /static/css/style.css HTTP/1.1" 304 0
[07/Dec/2022 15:02:23] "GET / HTTP/1.1" 302 0
[07/Dec/2022 15:02:23] "GET /todos/ HTTP/1.1" 200 3515
[07/Dec/2022 15:02:23] "GET /static/css/style.css HTTP/1.1" 304 0
[07/Dec/2022 15:02:29] "GET / HTTP/1.1" 302 0
[07/Dec/2022 15:02:29] "GET /todos/ HTTP/1.1" 200 3515
[07/Dec/2022 15:04:23] "GET / HTTP/1.1" 302 0
[07/Dec/2022 15:04:23] "GET /todos/ HTTP/1.1" 200 3515
Watching for file changes with StatReloader
Performing system checks...

System check identified some issues:

WARNINGS:
todos.Todo: (models.W042) Auto-created primary key used when not defining a primary key type, by default 'django.db.models.AutoField'.
	HINT: Configure the DEFAULT_AUTO_FIELD setting or the TodosConfig.default_auto_field attribute to point to a subclass of AutoField, e.g. 'django.db.models.BigAutoField'.

System check identified 1 issue (0 silenced).
December 07, 2022 - 15:04:42
Django version 4.1.4, using settings 'todoApp.settings'
Starting development server at http://0.0.0.0:8000/
Quit the server with CONTROL-C.
Error: That port is already in use.
